<?xml version="1.0" encoding="UTF-8"?>
<testsuites name="Mocha Tests" time="8.047" tests="4" failures="0">
  <testsuite name="Root Suite" timestamp="2020-07-21T14:44:44" tests="0" file="cypress/integration/APITesting.js" failures="0" time="0">
  </testsuite>
  <testsuite name="Automated tests for the omar-wms methods" timestamp="2020-07-21T14:44:44" tests="4" failures="0" time="8.047">
    <testcase name="Automated tests for the omar-wms methods Should test 200 code for getCapabilities default values" time="5.446" classname="Should test 200 code for getCapabilities default values">
    </testcase>
    <testcase name="Automated tests for the omar-wms methods Should test response header for getCapabilities" time="0.296" classname="Should test response header for getCapabilities">
    </testcase>
    <testcase name="Automated tests for the omar-wms methods Should test 200 code for getMap default values" time="1.175" classname="Should test 200 code for getMap default values">
    </testcase>
    <testcase name="Automated tests for the omar-wms methods Should test response header for getMap" time="1.13" classname="Should test response header for getMap">
    </testcase>
  </testsuite>
</testsuites>