<?xml version="1.0" encoding="UTF-8"?>
<testsuites name="Mocha Tests" time="0.7929999999999999" tests="6" failures="4">
  <testsuite name="Root Suite" timestamp="2020-07-16T13:15:43" tests="0" file="cypress/integration/APITesting.js" failures="0" time="0">
  </testsuite>
  <testsuite name="Automated tests for the omar-wms methods" timestamp="2020-07-16T13:15:43" tests="6" failures="4" time="0.7929999999999999">
    <testcase name="Automated tests for the omar-wms methods Should test 200 code for getMap default values" time="0" classname="Should test 200 code for getMap default values">
      <failure message="`cy.request()` failed on:

https://omar.ossim.io/omar-wms/wms/getMap?service=WMS&amp;service=WMS&amp;version=1.3.0&amp;version=1.1.1&amp;request=GetCapabilities&amp;request=GetCapabilities

The response we received from your web server was:

  &gt; 400: Bad Request

This was considered a failure because the status code was not `2xx` or `3xx`.

If you do not want status codes to cause failures pass the option: `failOnStatusCode: false`

-----------------------------------------------------------

The request we sent was:

Method: GET
URL: https://omar.ossim.io/omar-wms/wms/getMap?service=WMS&amp;service=WMS&amp;version=1.3.0&amp;version=1.1.1&amp;request=GetCapabilities&amp;request=GetCapabilities
Headers: {
  &quot;Connection&quot;: &quot;keep-alive&quot;,
  &quot;user-agent&quot;: &quot;Mozilla/5.0 (Macintosh; Intel Mac OS X 10_15_4) AppleWebKit/537.36 (KHTML, like Gecko) Cypress/4.10.0 Chrome/80.0.3987.165 Electron/8.3.1 Safari/537.36&quot;,
  &quot;accept&quot;: &quot;*/*&quot;,
  &quot;accept-encoding&quot;: &quot;gzip, deflate&quot;
}

-----------------------------------------------------------

The response we got was:

Status: 400 - Bad Request
Headers: {
  &quot;server&quot;: &quot;nginx/1.17.10&quot;,
  &quot;date&quot;: &quot;Thu, 16 Jul 2020 13:15:44 GMT&quot;,
  &quot;content-type&quot;: &quot;text/plain&quot;,
  &quot;content-length&quot;: &quot;34&quot;,
  &quot;connection&quot;: &quot;keep-alive&quot;,
  &quot;strict-transport-security&quot;: &quot;max-age=15724800; includeSubDomains&quot;
}
Body: WMS server Error: width: nullable

https://on.cypress.io/request" type="CypressError"><![CDATA[CypressError: `cy.request()` failed on:

https://omar.ossim.io/omar-wms/wms/getMap?service=WMS&service=WMS&version=1.3.0&version=1.1.1&request=GetCapabilities&request=GetCapabilities

The response we received from your web server was:

  > 400: Bad Request

This was considered a failure because the status code was not `2xx` or `3xx`.

If you do not want status codes to cause failures pass the option: `failOnStatusCode: false`

-----------------------------------------------------------

The request we sent was:

Method: GET
URL: https://omar.ossim.io/omar-wms/wms/getMap?service=WMS&service=WMS&version=1.3.0&version=1.1.1&request=GetCapabilities&request=GetCapabilities
Headers: {
  "Connection": "keep-alive",
  "user-agent": "Mozilla/5.0 (Macintosh; Intel Mac OS X 10_15_4) AppleWebKit/537.36 (KHTML, like Gecko) Cypress/4.10.0 Chrome/80.0.3987.165 Electron/8.3.1 Safari/537.36",
  "accept": "*/*",
  "accept-encoding": "gzip, deflate"
}

-----------------------------------------------------------

The response we got was:

Status: 400 - Bad Request
Headers: {
  "server": "nginx/1.17.10",
  "date": "Thu, 16 Jul 2020 13:15:44 GMT",
  "content-type": "text/plain",
  "content-length": "34",
  "connection": "keep-alive",
  "strict-transport-security": "max-age=15724800; includeSubDomains"
}
Body: WMS server Error: width: nullable

https://on.cypress.io/request
    at https://omar.ossim.io/__cypress/runner/cypress_runner.js:157527:21
    at tryCatcher (https://omar.ossim.io/__cypress/runner/cypress_runner.js:10130:23)
    at Promise._settlePromiseFromHandler (https://omar.ossim.io/__cypress/runner/cypress_runner.js:8065:31)
    at Promise._settlePromise (https://omar.ossim.io/__cypress/runner/cypress_runner.js:8122:18)
    at Promise._settlePromise0 (https://omar.ossim.io/__cypress/runner/cypress_runner.js:8167:10)
    at Promise._settlePromises (https://omar.ossim.io/__cypress/runner/cypress_runner.js:8247:18)
    at _drainQueueStep (https://omar.ossim.io/__cypress/runner/cypress_runner.js:4837:12)
    at _drainQueue (https://omar.ossim.io/__cypress/runner/cypress_runner.js:4830:9)
    at Async.../../node_modules/bluebird/js/release/async.js.Async._drainQueues (https://omar.ossim.io/__cypress/runner/cypress_runner.js:4846:5)
    at Async.drainQueues (https://omar.ossim.io/__cypress/runner/cypress_runner.js:4716:14)
From Your Spec Code:
    at Context.eval (https://omar.ossim.io/__cypress/tests?p=cypress/integration/APITesting.js:22:12)]]></failure>
    </testcase>
    <testcase name="Automated tests for the omar-wms methods Should test response header for getMap" time="0" classname="Should test response header for getMap">
      <failure message="`cy.request()` failed on:

https://omar.ossim.io/omar-wms/wms/getMap?service=WMS&amp;service=WMS&amp;version=1.3.0&amp;version=1.1.1&amp;request=GetCapabilities&amp;request=GetCapabilities

The response we received from your web server was:

  &gt; 400: Bad Request

This was considered a failure because the status code was not `2xx` or `3xx`.

If you do not want status codes to cause failures pass the option: `failOnStatusCode: false`

-----------------------------------------------------------

The request we sent was:

Method: GET
URL: https://omar.ossim.io/omar-wms/wms/getMap?service=WMS&amp;service=WMS&amp;version=1.3.0&amp;version=1.1.1&amp;request=GetCapabilities&amp;request=GetCapabilities
Headers: {
  &quot;Connection&quot;: &quot;keep-alive&quot;,
  &quot;user-agent&quot;: &quot;Mozilla/5.0 (Macintosh; Intel Mac OS X 10_15_4) AppleWebKit/537.36 (KHTML, like Gecko) Cypress/4.10.0 Chrome/80.0.3987.165 Electron/8.3.1 Safari/537.36&quot;,
  &quot;accept&quot;: &quot;*/*&quot;,
  &quot;accept-encoding&quot;: &quot;gzip, deflate&quot;
}

-----------------------------------------------------------

The response we got was:

Status: 400 - Bad Request
Headers: {
  &quot;server&quot;: &quot;nginx/1.17.10&quot;,
  &quot;date&quot;: &quot;Thu, 16 Jul 2020 13:15:44 GMT&quot;,
  &quot;content-type&quot;: &quot;text/plain&quot;,
  &quot;content-length&quot;: &quot;34&quot;,
  &quot;connection&quot;: &quot;keep-alive&quot;,
  &quot;strict-transport-security&quot;: &quot;max-age=15724800; includeSubDomains&quot;
}
Body: WMS server Error: width: nullable

https://on.cypress.io/request" type="CypressError"><![CDATA[CypressError: `cy.request()` failed on:

https://omar.ossim.io/omar-wms/wms/getMap?service=WMS&service=WMS&version=1.3.0&version=1.1.1&request=GetCapabilities&request=GetCapabilities

The response we received from your web server was:

  > 400: Bad Request

This was considered a failure because the status code was not `2xx` or `3xx`.

If you do not want status codes to cause failures pass the option: `failOnStatusCode: false`

-----------------------------------------------------------

The request we sent was:

Method: GET
URL: https://omar.ossim.io/omar-wms/wms/getMap?service=WMS&service=WMS&version=1.3.0&version=1.1.1&request=GetCapabilities&request=GetCapabilities
Headers: {
  "Connection": "keep-alive",
  "user-agent": "Mozilla/5.0 (Macintosh; Intel Mac OS X 10_15_4) AppleWebKit/537.36 (KHTML, like Gecko) Cypress/4.10.0 Chrome/80.0.3987.165 Electron/8.3.1 Safari/537.36",
  "accept": "*/*",
  "accept-encoding": "gzip, deflate"
}

-----------------------------------------------------------

The response we got was:

Status: 400 - Bad Request
Headers: {
  "server": "nginx/1.17.10",
  "date": "Thu, 16 Jul 2020 13:15:44 GMT",
  "content-type": "text/plain",
  "content-length": "34",
  "connection": "keep-alive",
  "strict-transport-security": "max-age=15724800; includeSubDomains"
}
Body: WMS server Error: width: nullable

https://on.cypress.io/request
    at https://omar.ossim.io/__cypress/runner/cypress_runner.js:157527:21
    at tryCatcher (https://omar.ossim.io/__cypress/runner/cypress_runner.js:10130:23)
    at Promise._settlePromiseFromHandler (https://omar.ossim.io/__cypress/runner/cypress_runner.js:8065:31)
    at Promise._settlePromise (https://omar.ossim.io/__cypress/runner/cypress_runner.js:8122:18)
    at Promise._settlePromise0 (https://omar.ossim.io/__cypress/runner/cypress_runner.js:8167:10)
    at Promise._settlePromises (https://omar.ossim.io/__cypress/runner/cypress_runner.js:8247:18)
    at _drainQueueStep (https://omar.ossim.io/__cypress/runner/cypress_runner.js:4837:12)
    at _drainQueue (https://omar.ossim.io/__cypress/runner/cypress_runner.js:4830:9)
    at Async.../../node_modules/bluebird/js/release/async.js.Async._drainQueues (https://omar.ossim.io/__cypress/runner/cypress_runner.js:4846:5)
    at Async.drainQueues (https://omar.ossim.io/__cypress/runner/cypress_runner.js:4716:14)
From Your Spec Code:
    at Context.eval (https://omar.ossim.io/__cypress/tests?p=cypress/integration/APITesting.js:27:12)]]></failure>
    </testcase>
    <testcase name="Automated tests for the omar-wms methods Should test 200 code for getPsm default values" time="0" classname="Should test 200 code for getPsm default values">
      <failure message="`cy.request()` failed on:

https://omar.ossim.io/omar-wms/wms/getPsm?service=WMS&amp;service=WMS&amp;version=1.3.0&amp;version=1.1.1&amp;request=GetCapabilities&amp;request=GetCapabilities

The response we received from your web server was:

  &gt; 400: Bad Request

This was considered a failure because the status code was not `2xx` or `3xx`.

If you do not want status codes to cause failures pass the option: `failOnStatusCode: false`

-----------------------------------------------------------

The request we sent was:

Method: GET
URL: https://omar.ossim.io/omar-wms/wms/getPsm?service=WMS&amp;service=WMS&amp;version=1.3.0&amp;version=1.1.1&amp;request=GetCapabilities&amp;request=GetCapabilities
Headers: {
  &quot;Connection&quot;: &quot;keep-alive&quot;,
  &quot;user-agent&quot;: &quot;Mozilla/5.0 (Macintosh; Intel Mac OS X 10_15_4) AppleWebKit/537.36 (KHTML, like Gecko) Cypress/4.10.0 Chrome/80.0.3987.165 Electron/8.3.1 Safari/537.36&quot;,
  &quot;accept&quot;: &quot;*/*&quot;,
  &quot;accept-encoding&quot;: &quot;gzip, deflate&quot;
}

-----------------------------------------------------------

The response we got was:

Status: 400 - Bad Request
Headers: {
  &quot;server&quot;: &quot;nginx/1.17.10&quot;,
  &quot;date&quot;: &quot;Thu, 16 Jul 2020 13:15:45 GMT&quot;,
  &quot;content-type&quot;: &quot;text/plain&quot;,
  &quot;content-length&quot;: &quot;34&quot;,
  &quot;connection&quot;: &quot;keep-alive&quot;,
  &quot;strict-transport-security&quot;: &quot;max-age=15724800; includeSubDomains&quot;
}
Body: WMS server Error: width: nullable

https://on.cypress.io/request" type="CypressError"><![CDATA[CypressError: `cy.request()` failed on:

https://omar.ossim.io/omar-wms/wms/getPsm?service=WMS&service=WMS&version=1.3.0&version=1.1.1&request=GetCapabilities&request=GetCapabilities

The response we received from your web server was:

  > 400: Bad Request

This was considered a failure because the status code was not `2xx` or `3xx`.

If you do not want status codes to cause failures pass the option: `failOnStatusCode: false`

-----------------------------------------------------------

The request we sent was:

Method: GET
URL: https://omar.ossim.io/omar-wms/wms/getPsm?service=WMS&service=WMS&version=1.3.0&version=1.1.1&request=GetCapabilities&request=GetCapabilities
Headers: {
  "Connection": "keep-alive",
  "user-agent": "Mozilla/5.0 (Macintosh; Intel Mac OS X 10_15_4) AppleWebKit/537.36 (KHTML, like Gecko) Cypress/4.10.0 Chrome/80.0.3987.165 Electron/8.3.1 Safari/537.36",
  "accept": "*/*",
  "accept-encoding": "gzip, deflate"
}

-----------------------------------------------------------

The response we got was:

Status: 400 - Bad Request
Headers: {
  "server": "nginx/1.17.10",
  "date": "Thu, 16 Jul 2020 13:15:45 GMT",
  "content-type": "text/plain",
  "content-length": "34",
  "connection": "keep-alive",
  "strict-transport-security": "max-age=15724800; includeSubDomains"
}
Body: WMS server Error: width: nullable

https://on.cypress.io/request
    at https://omar.ossim.io/__cypress/runner/cypress_runner.js:157527:21
    at tryCatcher (https://omar.ossim.io/__cypress/runner/cypress_runner.js:10130:23)
    at Promise._settlePromiseFromHandler (https://omar.ossim.io/__cypress/runner/cypress_runner.js:8065:31)
    at Promise._settlePromise (https://omar.ossim.io/__cypress/runner/cypress_runner.js:8122:18)
    at Promise._settlePromise0 (https://omar.ossim.io/__cypress/runner/cypress_runner.js:8167:10)
    at Promise._settlePromises (https://omar.ossim.io/__cypress/runner/cypress_runner.js:8247:18)
    at _drainQueueStep (https://omar.ossim.io/__cypress/runner/cypress_runner.js:4837:12)
    at _drainQueue (https://omar.ossim.io/__cypress/runner/cypress_runner.js:4830:9)
    at Async.../../node_modules/bluebird/js/release/async.js.Async._drainQueues (https://omar.ossim.io/__cypress/runner/cypress_runner.js:4846:5)
    at Async.drainQueues (https://omar.ossim.io/__cypress/runner/cypress_runner.js:4716:14)
From Your Spec Code:
    at Context.eval (https://omar.ossim.io/__cypress/tests?p=cypress/integration/APITesting.js:22:12)]]></failure>
    </testcase>
    <testcase name="Automated tests for the omar-wms methods Should test response header for getPsm" time="0" classname="Should test response header for getPsm">
      <failure message="`cy.request()` failed on:

https://omar.ossim.io/omar-wms/wms/getPsm?service=WMS&amp;service=WMS&amp;version=1.3.0&amp;version=1.1.1&amp;request=GetCapabilities&amp;request=GetCapabilities

The response we received from your web server was:

  &gt; 400: Bad Request

This was considered a failure because the status code was not `2xx` or `3xx`.

If you do not want status codes to cause failures pass the option: `failOnStatusCode: false`

-----------------------------------------------------------

The request we sent was:

Method: GET
URL: https://omar.ossim.io/omar-wms/wms/getPsm?service=WMS&amp;service=WMS&amp;version=1.3.0&amp;version=1.1.1&amp;request=GetCapabilities&amp;request=GetCapabilities
Headers: {
  &quot;Connection&quot;: &quot;keep-alive&quot;,
  &quot;user-agent&quot;: &quot;Mozilla/5.0 (Macintosh; Intel Mac OS X 10_15_4) AppleWebKit/537.36 (KHTML, like Gecko) Cypress/4.10.0 Chrome/80.0.3987.165 Electron/8.3.1 Safari/537.36&quot;,
  &quot;accept&quot;: &quot;*/*&quot;,
  &quot;accept-encoding&quot;: &quot;gzip, deflate&quot;
}

-----------------------------------------------------------

The response we got was:

Status: 400 - Bad Request
Headers: {
  &quot;server&quot;: &quot;nginx/1.17.10&quot;,
  &quot;date&quot;: &quot;Thu, 16 Jul 2020 13:15:45 GMT&quot;,
  &quot;content-type&quot;: &quot;text/plain&quot;,
  &quot;content-length&quot;: &quot;34&quot;,
  &quot;connection&quot;: &quot;keep-alive&quot;,
  &quot;strict-transport-security&quot;: &quot;max-age=15724800; includeSubDomains&quot;
}
Body: WMS server Error: width: nullable

https://on.cypress.io/request" type="CypressError"><![CDATA[CypressError: `cy.request()` failed on:

https://omar.ossim.io/omar-wms/wms/getPsm?service=WMS&service=WMS&version=1.3.0&version=1.1.1&request=GetCapabilities&request=GetCapabilities

The response we received from your web server was:

  > 400: Bad Request

This was considered a failure because the status code was not `2xx` or `3xx`.

If you do not want status codes to cause failures pass the option: `failOnStatusCode: false`

-----------------------------------------------------------

The request we sent was:

Method: GET
URL: https://omar.ossim.io/omar-wms/wms/getPsm?service=WMS&service=WMS&version=1.3.0&version=1.1.1&request=GetCapabilities&request=GetCapabilities
Headers: {
  "Connection": "keep-alive",
  "user-agent": "Mozilla/5.0 (Macintosh; Intel Mac OS X 10_15_4) AppleWebKit/537.36 (KHTML, like Gecko) Cypress/4.10.0 Chrome/80.0.3987.165 Electron/8.3.1 Safari/537.36",
  "accept": "*/*",
  "accept-encoding": "gzip, deflate"
}

-----------------------------------------------------------

The response we got was:

Status: 400 - Bad Request
Headers: {
  "server": "nginx/1.17.10",
  "date": "Thu, 16 Jul 2020 13:15:45 GMT",
  "content-type": "text/plain",
  "content-length": "34",
  "connection": "keep-alive",
  "strict-transport-security": "max-age=15724800; includeSubDomains"
}
Body: WMS server Error: width: nullable

https://on.cypress.io/request
    at https://omar.ossim.io/__cypress/runner/cypress_runner.js:157527:21
    at tryCatcher (https://omar.ossim.io/__cypress/runner/cypress_runner.js:10130:23)
    at Promise._settlePromiseFromHandler (https://omar.ossim.io/__cypress/runner/cypress_runner.js:8065:31)
    at Promise._settlePromise (https://omar.ossim.io/__cypress/runner/cypress_runner.js:8122:18)
    at Promise._settlePromise0 (https://omar.ossim.io/__cypress/runner/cypress_runner.js:8167:10)
    at Promise._settlePromises (https://omar.ossim.io/__cypress/runner/cypress_runner.js:8247:18)
    at _drainQueueStep (https://omar.ossim.io/__cypress/runner/cypress_runner.js:4837:12)
    at _drainQueue (https://omar.ossim.io/__cypress/runner/cypress_runner.js:4830:9)
    at Async.../../node_modules/bluebird/js/release/async.js.Async._drainQueues (https://omar.ossim.io/__cypress/runner/cypress_runner.js:4846:5)
    at Async.drainQueues (https://omar.ossim.io/__cypress/runner/cypress_runner.js:4716:14)
From Your Spec Code:
    at Context.eval (https://omar.ossim.io/__cypress/tests?p=cypress/integration/APITesting.js:27:12)]]></failure>
    </testcase>
    <testcase name="Automated tests for the omar-wms methods Should test 200 code for getCapabilities default values" time="0.431" classname="Should test 200 code for getCapabilities default values">
    </testcase>
    <testcase name="Automated tests for the omar-wms methods Should test response header for getCapabilities" time="0.362" classname="Should test response header for getCapabilities">
    </testcase>
  </testsuite>
</testsuites>