<?xml version="1.0" encoding="UTF-8"?>
<testsuites name="Mocha Tests" time="3.0829999999999997" tests="6" failures="2">
  <testsuite name="Root Suite" timestamp="2020-07-16T14:26:03" tests="0" file="cypress/integration/APITesting.js" failures="0" time="0">
  </testsuite>
  <testsuite name="Automated tests for the omar-wms methods" timestamp="2020-07-16T14:26:03" tests="6" failures="2" time="3.0829999999999997">
    <testcase name="Automated tests for the omar-wms methods Should test 200 code for getPsm default values" time="0" classname="Should test 200 code for getPsm default values">
      <failure message="`cy.request()` failed on:

https://omar.ossim.io/omar-wms/wms/getPsm?service=WMS&amp;version=1.3.0&amp;request=GetMap&amp;layers=omar:raster_entry&amp;srs=epsg:4326&amp;crs=epsg:4326&amp;bbox=-180,-90,180,90&amp;width=1024&amp;height=512&amp;format=image/vnd.jpeg-png&amp;transparent=TRUE&amp;exceptions=application/vnd.ogc.se_xml

The response we received from your web server was:

  &gt; 400: Bad Request

This was considered a failure because the status code was not `2xx` or `3xx`.

If you do not want status codes to cause failures pass the option: `failOnStatusCode: false`

-----------------------------------------------------------

The request we sent was:

Method: GET
URL: https://omar.ossim.io/omar-wms/wms/getPsm?service=WMS&amp;version=1.3.0&amp;request=GetMap&amp;layers=omar:raster_entry&amp;srs=epsg:4326&amp;crs=epsg:4326&amp;bbox=-180,-90,180,90&amp;width=1024&amp;height=512&amp;format=image/vnd.jpeg-png&amp;transparent=TRUE&amp;exceptions=application/vnd.ogc.se_xml
Headers: {
  &quot;Connection&quot;: &quot;keep-alive&quot;,
  &quot;user-agent&quot;: &quot;Mozilla/5.0 (X11; Linux x86_64) AppleWebKit/537.36 (KHTML, like Gecko) Cypress/4.10.0 Chrome/80.0.3987.165 Electron/8.3.1 Safari/537.36&quot;,
  &quot;accept&quot;: &quot;*/*&quot;,
  &quot;accept-encoding&quot;: &quot;gzip, deflate&quot;
}

-----------------------------------------------------------

The response we got was:

Status: 400 - Bad Request
Headers: {
  &quot;server&quot;: &quot;nginx/1.17.10&quot;,
  &quot;date&quot;: &quot;Thu, 16 Jul 2020 14:26:09 GMT&quot;,
  &quot;content-type&quot;: &quot;text/plain&quot;,
  &quot;content-length&quot;: &quot;18&quot;,
  &quot;connection&quot;: &quot;keep-alive&quot;,
  &quot;strict-transport-security&quot;: &quot;max-age=15724800; includeSubDomains&quot;
}
Body: WMS server Error: 


https://on.cypress.io/request" type="CypressError"><![CDATA[CypressError: `cy.request()` failed on:

https://omar.ossim.io/omar-wms/wms/getPsm?service=WMS&version=1.3.0&request=GetMap&layers=omar:raster_entry&srs=epsg:4326&crs=epsg:4326&bbox=-180,-90,180,90&width=1024&height=512&format=image/vnd.jpeg-png&transparent=TRUE&exceptions=application/vnd.ogc.se_xml

The response we received from your web server was:

  > 400: Bad Request

This was considered a failure because the status code was not `2xx` or `3xx`.

If you do not want status codes to cause failures pass the option: `failOnStatusCode: false`

-----------------------------------------------------------

The request we sent was:

Method: GET
URL: https://omar.ossim.io/omar-wms/wms/getPsm?service=WMS&version=1.3.0&request=GetMap&layers=omar:raster_entry&srs=epsg:4326&crs=epsg:4326&bbox=-180,-90,180,90&width=1024&height=512&format=image/vnd.jpeg-png&transparent=TRUE&exceptions=application/vnd.ogc.se_xml
Headers: {
  "Connection": "keep-alive",
  "user-agent": "Mozilla/5.0 (X11; Linux x86_64) AppleWebKit/537.36 (KHTML, like Gecko) Cypress/4.10.0 Chrome/80.0.3987.165 Electron/8.3.1 Safari/537.36",
  "accept": "*/*",
  "accept-encoding": "gzip, deflate"
}

-----------------------------------------------------------

The response we got was:

Status: 400 - Bad Request
Headers: {
  "server": "nginx/1.17.10",
  "date": "Thu, 16 Jul 2020 14:26:09 GMT",
  "content-type": "text/plain",
  "content-length": "18",
  "connection": "keep-alive",
  "strict-transport-security": "max-age=15724800; includeSubDomains"
}
Body: WMS server Error: 


https://on.cypress.io/request
    at https://omar.ossim.io/__cypress/runner/cypress_runner.js:157527:21
    at tryCatcher (https://omar.ossim.io/__cypress/runner/cypress_runner.js:10130:23)
    at Promise._settlePromiseFromHandler (https://omar.ossim.io/__cypress/runner/cypress_runner.js:8065:31)
    at Promise._settlePromise (https://omar.ossim.io/__cypress/runner/cypress_runner.js:8122:18)
    at Promise._settlePromise0 (https://omar.ossim.io/__cypress/runner/cypress_runner.js:8167:10)
    at Promise._settlePromises (https://omar.ossim.io/__cypress/runner/cypress_runner.js:8247:18)
    at _drainQueueStep (https://omar.ossim.io/__cypress/runner/cypress_runner.js:4837:12)
    at _drainQueue (https://omar.ossim.io/__cypress/runner/cypress_runner.js:4830:9)
    at Async.../../node_modules/bluebird/js/release/async.js.Async._drainQueues (https://omar.ossim.io/__cypress/runner/cypress_runner.js:4846:5)
    at Async.drainQueues (https://omar.ossim.io/__cypress/runner/cypress_runner.js:4716:14)
From Your Spec Code:
    at Context.eval (https://omar.ossim.io/__cypress/tests?p=cypress/integration/APITesting.js:21:12)]]></failure>
    </testcase>
    <testcase name="Automated tests for the omar-wms methods Should test response header for getPsm" time="0" classname="Should test response header for getPsm">
      <failure message="`cy.request()` failed on:

https://omar.ossim.io/omar-wms/wms/getPsm?service=WMS&amp;version=1.3.0&amp;request=GetMap&amp;layers=omar:raster_entry&amp;srs=epsg:4326&amp;crs=epsg:4326&amp;bbox=-180,-90,180,90&amp;width=1024&amp;height=512&amp;format=image/vnd.jpeg-png&amp;transparent=TRUE&amp;exceptions=application/vnd.ogc.se_xml

The response we received from your web server was:

  &gt; 400: Bad Request

This was considered a failure because the status code was not `2xx` or `3xx`.

If you do not want status codes to cause failures pass the option: `failOnStatusCode: false`

-----------------------------------------------------------

The request we sent was:

Method: GET
URL: https://omar.ossim.io/omar-wms/wms/getPsm?service=WMS&amp;version=1.3.0&amp;request=GetMap&amp;layers=omar:raster_entry&amp;srs=epsg:4326&amp;crs=epsg:4326&amp;bbox=-180,-90,180,90&amp;width=1024&amp;height=512&amp;format=image/vnd.jpeg-png&amp;transparent=TRUE&amp;exceptions=application/vnd.ogc.se_xml
Headers: {
  &quot;Connection&quot;: &quot;keep-alive&quot;,
  &quot;user-agent&quot;: &quot;Mozilla/5.0 (X11; Linux x86_64) AppleWebKit/537.36 (KHTML, like Gecko) Cypress/4.10.0 Chrome/80.0.3987.165 Electron/8.3.1 Safari/537.36&quot;,
  &quot;accept&quot;: &quot;*/*&quot;,
  &quot;accept-encoding&quot;: &quot;gzip, deflate&quot;
}

-----------------------------------------------------------

The response we got was:

Status: 400 - Bad Request
Headers: {
  &quot;server&quot;: &quot;nginx/1.17.10&quot;,
  &quot;date&quot;: &quot;Thu, 16 Jul 2020 14:26:09 GMT&quot;,
  &quot;content-type&quot;: &quot;text/plain&quot;,
  &quot;content-length&quot;: &quot;18&quot;,
  &quot;connection&quot;: &quot;keep-alive&quot;,
  &quot;strict-transport-security&quot;: &quot;max-age=15724800; includeSubDomains&quot;
}
Body: WMS server Error: 


https://on.cypress.io/request" type="CypressError"><![CDATA[CypressError: `cy.request()` failed on:

https://omar.ossim.io/omar-wms/wms/getPsm?service=WMS&version=1.3.0&request=GetMap&layers=omar:raster_entry&srs=epsg:4326&crs=epsg:4326&bbox=-180,-90,180,90&width=1024&height=512&format=image/vnd.jpeg-png&transparent=TRUE&exceptions=application/vnd.ogc.se_xml

The response we received from your web server was:

  > 400: Bad Request

This was considered a failure because the status code was not `2xx` or `3xx`.

If you do not want status codes to cause failures pass the option: `failOnStatusCode: false`

-----------------------------------------------------------

The request we sent was:

Method: GET
URL: https://omar.ossim.io/omar-wms/wms/getPsm?service=WMS&version=1.3.0&request=GetMap&layers=omar:raster_entry&srs=epsg:4326&crs=epsg:4326&bbox=-180,-90,180,90&width=1024&height=512&format=image/vnd.jpeg-png&transparent=TRUE&exceptions=application/vnd.ogc.se_xml
Headers: {
  "Connection": "keep-alive",
  "user-agent": "Mozilla/5.0 (X11; Linux x86_64) AppleWebKit/537.36 (KHTML, like Gecko) Cypress/4.10.0 Chrome/80.0.3987.165 Electron/8.3.1 Safari/537.36",
  "accept": "*/*",
  "accept-encoding": "gzip, deflate"
}

-----------------------------------------------------------

The response we got was:

Status: 400 - Bad Request
Headers: {
  "server": "nginx/1.17.10",
  "date": "Thu, 16 Jul 2020 14:26:09 GMT",
  "content-type": "text/plain",
  "content-length": "18",
  "connection": "keep-alive",
  "strict-transport-security": "max-age=15724800; includeSubDomains"
}
Body: WMS server Error: 


https://on.cypress.io/request
    at https://omar.ossim.io/__cypress/runner/cypress_runner.js:157527:21
    at tryCatcher (https://omar.ossim.io/__cypress/runner/cypress_runner.js:10130:23)
    at Promise._settlePromiseFromHandler (https://omar.ossim.io/__cypress/runner/cypress_runner.js:8065:31)
    at Promise._settlePromise (https://omar.ossim.io/__cypress/runner/cypress_runner.js:8122:18)
    at Promise._settlePromise0 (https://omar.ossim.io/__cypress/runner/cypress_runner.js:8167:10)
    at Promise._settlePromises (https://omar.ossim.io/__cypress/runner/cypress_runner.js:8247:18)
    at _drainQueueStep (https://omar.ossim.io/__cypress/runner/cypress_runner.js:4837:12)
    at _drainQueue (https://omar.ossim.io/__cypress/runner/cypress_runner.js:4830:9)
    at Async.../../node_modules/bluebird/js/release/async.js.Async._drainQueues (https://omar.ossim.io/__cypress/runner/cypress_runner.js:4846:5)
    at Async.drainQueues (https://omar.ossim.io/__cypress/runner/cypress_runner.js:4716:14)
From Your Spec Code:
    at Context.eval (https://omar.ossim.io/__cypress/tests?p=cypress/integration/APITesting.js:26:12)]]></failure>
    </testcase>
    <testcase name="Automated tests for the omar-wms methods Should test 200 code for getCapabilities default values" time="0.326" classname="Should test 200 code for getCapabilities default values">
    </testcase>
    <testcase name="Automated tests for the omar-wms methods Should test response header for getCapabilities" time="0.298" classname="Should test response header for getCapabilities">
    </testcase>
    <testcase name="Automated tests for the omar-wms methods Should test 200 code for getMap default values" time="1.18" classname="Should test 200 code for getMap default values">
    </testcase>
    <testcase name="Automated tests for the omar-wms methods Should test response header for getMap" time="1.279" classname="Should test response header for getMap">
    </testcase>
  </testsuite>
</testsuites>